Already up-to-date.
[master 6313a7c] autocommit
 1 files changed, 1 insertions(+), 1 deletions(-)
Already up-to-date.
[master 8db3933] autocommit
 2 files changed, 2 insertions(+), 1 deletions(-)
Already up-to-date.
[master 6c2a26a] autocommit
 2 files changed, 4 insertions(+), 1 deletions(-)
Already up-to-date.
[master ca33b3a] autocommit
 2 files changed, 4 insertions(+), 1 deletions(-)
Already up-to-date.
[master 293a788] autocommit
 2 files changed, 4 insertions(+), 1 deletions(-)
Already up-to-date.
[master 5902017] autocommit
 2 files changed, 4 insertions(+), 1 deletions(-)
Already up-to-date.
[master bc545ea] autocommit
 2 files changed, 4 insertions(+), 1 deletions(-)
Already up-to-date.
[master 5b8bad8] autocommit
 2 files changed, 4 insertions(+), 1 deletions(-)
Already up-to-date.
[master 8323c57] autocommit
 2 files changed, 4 insertions(+), 1 deletions(-)
Already up-to-date.
[master 625c881] autocommit
 2 files changed, 4 insertions(+), 1 deletions(-)
Already up-to-date.
[master 48be624] autocommit
 2 files changed, 4 insertions(+), 1 deletions(-)
Already up-to-date.
[master 54d00f2] autocommit
 2 files changed, 4 insertions(+), 1 deletions(-)
Already up-to-date.
[master e743155] autocommit
 2 files changed, 4 insertions(+), 1 deletions(-)
Already up-to-date.
[master d87e3e9] autocommit
 2 files changed, 4 insertions(+), 1 deletions(-)
Already up-to-date.
[master f24c0f6] autocommit
 2 files changed, 4 insertions(+), 1 deletions(-)
Already up-to-date.
[master bb74dca] autocommit
 2 files changed, 4 insertions(+), 1 deletions(-)
Already up-to-date.
[master fa852f9] autocommit
 2 files changed, 4 insertions(+), 1 deletions(-)
Already up-to-date.
[master fbe4083] autocommit
 2 files changed, 4 insertions(+), 1 deletions(-)
Already up-to-date.
[master 7856816] autocommit
 2 files changed, 4 insertions(+), 1 deletions(-)
Already up-to-date.
[master 9708005] autocommit
 2 files changed, 4 insertions(+), 1 deletions(-)
Already up-to-date.
[master 85877b2] autocommit
 2 files changed, 4 insertions(+), 1 deletions(-)
Already up-to-date.
[master 5d39293] autocommit
 2 files changed, 4 insertions(+), 1 deletions(-)
Already up-to-date.
[master 95e18e0] autocommit
 2 files changed, 4 insertions(+), 1 deletions(-)
Already up-to-date.
[master f7e4aff] autocommit
 2 files changed, 4 insertions(+), 1 deletions(-)
Already up-to-date.
[master 3fbfedb] autocommit
 2 files changed, 4 insertions(+), 1 deletions(-)
Already up-to-date.
[master b20499f] autocommit
 2 files changed, 4 insertions(+), 1 deletions(-)
Already up-to-date.
[master 160a430] autocommit
 2 files changed, 4 insertions(+), 1 deletions(-)
Already up-to-date.
[master 1382071] autocommit
 2 files changed, 4 insertions(+), 1 deletions(-)
Already up-to-date.
[master 7a3070b] autocommit
 2 files changed, 4 insertions(+), 1 deletions(-)
Already up-to-date.
[master a68e51a] autocommit
 2 files changed, 4 insertions(+), 1 deletions(-)
Already up-to-date.
[master dea08b9] autocommit
 2 files changed, 4 insertions(+), 1 deletions(-)
Already up-to-date.
[master e98666b] autocommit
 2 files changed, 4 insertions(+), 1 deletions(-)
Already up-to-date.
[master 8f93967] autocommit
 2 files changed, 4 insertions(+), 1 deletions(-)
Already up-to-date.
[master 742a12b] autocommit
 2 files changed, 4 insertions(+), 1 deletions(-)
Already up-to-date.
[master 905d723] autocommit
 2 files changed, 4 insertions(+), 1 deletions(-)
Already up-to-date.
[master 2c2c179] autocommit
 2 files changed, 4 insertions(+), 1 deletions(-)
Already up-to-date.
[master 15a80db] autocommit
 2 files changed, 4 insertions(+), 1 deletions(-)
Already up-to-date.
[master 03032da] autocommit
 2 files changed, 4 insertions(+), 1 deletions(-)
Already up-to-date.
[master 7d46cfa] autocommit
 2 files changed, 4 insertions(+), 1 deletions(-)
Already up-to-date.
[master b53c769] autocommit
 2 files changed, 4 insertions(+), 1 deletions(-)
Already up-to-date.
[master ae94ed9] autocommit
 2 files changed, 4 insertions(+), 1 deletions(-)
Already up-to-date.
[master 85a9208] autocommit
 2 files changed, 4 insertions(+), 1 deletions(-)
Already up-to-date.
[master 5662902] autocommit
 2 files changed, 4 insertions(+), 1 deletions(-)
Already up-to-date.
[master bab6e9b] autocommit
 2 files changed, 4 insertions(+), 1 deletions(-)
Already up-to-date.
[master 3a0d97d] autocommit
 2 files changed, 4 insertions(+), 1 deletions(-)
Already up-to-date.
[master a8d4793] autocommit
 2 files changed, 4 insertions(+), 1 deletions(-)
Already up-to-date.
[master 64a8182] autocommit
 2 files changed, 4 insertions(+), 1 deletions(-)
Already up-to-date.
[master 9b18d4a] autocommit
 2 files changed, 4 insertions(+), 1 deletions(-)
Already up-to-date.
[master aaccf51] autocommit
 2 files changed, 4 insertions(+), 1 deletions(-)
Already up-to-date.
[master d3a5e1c] autocommit
 2 files changed, 4 insertions(+), 1 deletions(-)
Already up-to-date.
[master 9c179cb] autocommit
 2 files changed, 4 insertions(+), 1 deletions(-)
Already up-to-date.
[master 4df5fb9] autocommit
 2 files changed, 4 insertions(+), 1 deletions(-)
Already up-to-date.
[master 2f2c38a] autocommit
 2 files changed, 4 insertions(+), 1 deletions(-)
Already up-to-date.
[master db09fff] autocommit
 2 files changed, 4 insertions(+), 1 deletions(-)
Already up-to-date.
[master 0da7d5d] autocommit
 2 files changed, 4 insertions(+), 1 deletions(-)
Already up-to-date.
[master 830e346] autocommit
 2 files changed, 4 insertions(+), 1 deletions(-)
Already up-to-date.
[master 14be83d] autocommit
 2 files changed, 4 insertions(+), 1 deletions(-)
Already up-to-date.
[master 4f64828] autocommit
 2 files changed, 4 insertions(+), 1 deletions(-)
Already up-to-date.
[master cae0934] autocommit
 2 files changed, 4 insertions(+), 1 deletions(-)
Already up-to-date.
[master 986c98c] autocommit
 2 files changed, 4 insertions(+), 1 deletions(-)
Already up-to-date.
[master f26cd6e] autocommit
 2 files changed, 4 insertions(+), 1 deletions(-)
Already up-to-date.
[master d5239b8] autocommit
 2 files changed, 4 insertions(+), 1 deletions(-)
Already up-to-date.
[master be1a8bc] autocommit
 2 files changed, 4 insertions(+), 1 deletions(-)
Already up-to-date.
[master 57ce3ef] autocommit
 2 files changed, 4 insertions(+), 1 deletions(-)
Already up-to-date.
[master aff3e69] autocommit
 2 files changed, 4 insertions(+), 1 deletions(-)
Already up-to-date.
[master 4eb809d] autocommit
 2 files changed, 4 insertions(+), 1 deletions(-)
Already up-to-date.
[master fdc266b] autocommit
 2 files changed, 4 insertions(+), 1 deletions(-)
Already up-to-date.
[master 668eb7b] autocommit
 2 files changed, 4 insertions(+), 1 deletions(-)
Already up-to-date.
[master 964660f] autocommit
 2 files changed, 4 insertions(+), 1 deletions(-)
Already up-to-date.
[master 1b7aa17] autocommit
 2 files changed, 4 insertions(+), 1 deletions(-)
Already up-to-date.
[master 0ab364c] autocommit
 2 files changed, 4 insertions(+), 1 deletions(-)
Already up-to-date.
[master 699d089] autocommit
 2 files changed, 4 insertions(+), 1 deletions(-)
Already up-to-date.
[master b3a2697] autocommit
 2 files changed, 4 insertions(+), 1 deletions(-)
Already up-to-date.
[master f6236f4] autocommit
 2 files changed, 4 insertions(+), 1 deletions(-)
Already up-to-date.
[master d410434] autocommit
 2 files changed, 4 insertions(+), 1 deletions(-)
Already up-to-date.
[master 1464ea9] autocommit
 2 files changed, 4 insertions(+), 1 deletions(-)
Already up-to-date.
[master 494e350] autocommit
 2 files changed, 4 insertions(+), 1 deletions(-)
Already up-to-date.
[master 90593f8] autocommit
 2 files changed, 4 insertions(+), 1 deletions(-)
Already up-to-date.
[master 8a1a846] autocommit
 2 files changed, 4 insertions(+), 1 deletions(-)
Already up-to-date.
[master a7f50d7] autocommit
 2 files changed, 4 insertions(+), 1 deletions(-)
Already up-to-date.
[master 737d5ee] autocommit
 2 files changed, 4 insertions(+), 1 deletions(-)
Already up-to-date.
[master a510ed1] autocommit
 2 files changed, 4 insertions(+), 1 deletions(-)
Already up-to-date.
[master c7c6364] autocommit
 2 files changed, 4 insertions(+), 1 deletions(-)
Already up-to-date.
[master cc0b058] autocommit
 2 files changed, 4 insertions(+), 1 deletions(-)
Already up-to-date.
[master 4730050] autocommit
 2 files changed, 4 insertions(+), 1 deletions(-)
Already up-to-date.
[master 7055b89] autocommit
 2 files changed, 4 insertions(+), 1 deletions(-)
Already up-to-date.
[master 8f9ded1] autocommit
 2 files changed, 4 insertions(+), 1 deletions(-)
Already up-to-date.
[master 1b51753] autocommit
 2 files changed, 4 insertions(+), 1 deletions(-)
Already up-to-date.
[master c7a18b7] autocommit
 2 files changed, 4 insertions(+), 1 deletions(-)
Already up-to-date.
[master ca84f0b] autocommit
 2 files changed, 4 insertions(+), 1 deletions(-)
Already up-to-date.
[master c0de91d] autocommit
 2 files changed, 4 insertions(+), 1 deletions(-)
Already up-to-date.
[master 9abb395] autocommit
 2 files changed, 4 insertions(+), 1 deletions(-)
Already up-to-date.
[master bf4810a] autocommit
 2 files changed, 4 insertions(+), 1 deletions(-)
Already up-to-date.
[master 500e1e5] autocommit
 2 files changed, 4 insertions(+), 1 deletions(-)
Already up-to-date.
[master f7ad84e] autocommit
 2 files changed, 4 insertions(+), 1 deletions(-)
Already up-to-date.
[master 8515ab8] autocommit
 2 files changed, 4 insertions(+), 1 deletions(-)
Already up-to-date.
[master 2ce4e90] autocommit
 2 files changed, 4 insertions(+), 1 deletions(-)
Already up-to-date.
[master 7336b05] autocommit
 2 files changed, 4 insertions(+), 1 deletions(-)
Already up-to-date.
[master fb10906] autocommit
 2 files changed, 4 insertions(+), 1 deletions(-)
Already up-to-date.
[master dbdb93b] autocommit
 2 files changed, 4 insertions(+), 1 deletions(-)
Already up-to-date.
[master 5e68306] autocommit
 2 files changed, 4 insertions(+), 1 deletions(-)
Already up-to-date.
[master 2fba661] autocommit
 2 files changed, 4 insertions(+), 1 deletions(-)
Already up-to-date.
[master 6be63ea] autocommit
 2 files changed, 4 insertions(+), 1 deletions(-)
Already up-to-date.
[master 557b931] autocommit
 2 files changed, 4 insertions(+), 1 deletions(-)
Already up-to-date.
[master 6fb98f0] autocommit
 2 files changed, 4 insertions(+), 1 deletions(-)
Already up-to-date.
[master 39c0ee5] autocommit
 2 files changed, 4 insertions(+), 1 deletions(-)
Already up-to-date.
[master 8460d2d] autocommit
 2 files changed, 4 insertions(+), 1 deletions(-)
Already up-to-date.
[master ac133a0] autocommit
 2 files changed, 4 insertions(+), 1 deletions(-)
Already up-to-date.
[master ecfdcfe] autocommit
 2 files changed, 4 insertions(+), 1 deletions(-)
Already up-to-date.
[master 733c7b8] autocommit
 2 files changed, 4 insertions(+), 1 deletions(-)
Already up-to-date.
[master cfbcaa1] autocommit
 2 files changed, 4 insertions(+), 1 deletions(-)
Already up-to-date.
[master cbd54e7] autocommit
 2 files changed, 4 insertions(+), 1 deletions(-)
Already up-to-date.
[master 6ea2f38] autocommit
 2 files changed, 4 insertions(+), 1 deletions(-)
Already up-to-date.
[master 7fb6909] autocommit
 2 files changed, 4 insertions(+), 1 deletions(-)
Already up-to-date.
[master 0ae072e] autocommit
 2 files changed, 4 insertions(+), 1 deletions(-)
Already up-to-date.
[master 73a980d] autocommit
 2 files changed, 4 insertions(+), 1 deletions(-)
Already up-to-date.
[master 48d9ce6] autocommit
 2 files changed, 4 insertions(+), 1 deletions(-)
Already up-to-date.
[master 630aa9c] autocommit
 2 files changed, 4 insertions(+), 1 deletions(-)
Already up-to-date.
[master 5dc0b8d] autocommit
 2 files changed, 4 insertions(+), 1 deletions(-)
Already up-to-date.
[master dff42ee] autocommit
 2 files changed, 4 insertions(+), 1 deletions(-)
Already up-to-date.
[master 1a09a50] autocommit
 2 files changed, 4 insertions(+), 1 deletions(-)
Already up-to-date.
[master ca3c3c4] autocommit
 2 files changed, 4 insertions(+), 1 deletions(-)
Already up-to-date.
[master 062bdee] autocommit
 2 files changed, 4 insertions(+), 1 deletions(-)
Already up-to-date.
[master 10b104a] autocommit
 2 files changed, 4 insertions(+), 1 deletions(-)
Already up-to-date.
[master 2636b14] autocommit
 2 files changed, 4 insertions(+), 1 deletions(-)
Already up-to-date.
[master 7550ad9] autocommit
 2 files changed, 4 insertions(+), 1 deletions(-)
Already up-to-date.
[master 9355441] autocommit
 2 files changed, 4 insertions(+), 1 deletions(-)
Already up-to-date.
[master 4405c7d] autocommit
 2 files changed, 4 insertions(+), 1 deletions(-)
Already up-to-date.
[master ff60deb] autocommit
 2 files changed, 4 insertions(+), 1 deletions(-)
Already up-to-date.
[master 422d0b2] autocommit
 2 files changed, 4 insertions(+), 1 deletions(-)
Already up-to-date.
[master 71b127e] autocommit
 2 files changed, 4 insertions(+), 1 deletions(-)
Already up-to-date.
[master c7b88e5] autocommit
 2 files changed, 4 insertions(+), 1 deletions(-)
Already up-to-date.
[master 33929a2] autocommit
 2 files changed, 4 insertions(+), 1 deletions(-)
Already up-to-date.
[master 55e278a] autocommit
 2 files changed, 4 insertions(+), 1 deletions(-)
Already up-to-date.
[master c7e153c] autocommit
 2 files changed, 4 insertions(+), 1 deletions(-)
Already up-to-date.
[master a1b0b47] autocommit
 2 files changed, 4 insertions(+), 1 deletions(-)
Already up-to-date.
[master 21ab922] autocommit
 2 files changed, 4 insertions(+), 1 deletions(-)
Already up-to-date.
[master 1479a5e] autocommit
 2 files changed, 4 insertions(+), 1 deletions(-)
Already up-to-date.
[master 99ea43f] autocommit
 2 files changed, 4 insertions(+), 1 deletions(-)
Already up-to-date.
[master 86a1aeb] autocommit
 2 files changed, 4 insertions(+), 1 deletions(-)
Already up-to-date.
[master a2ac876] autocommit
 2 files changed, 4 insertions(+), 1 deletions(-)
Already up-to-date.
[master 06b2d77] autocommit
 2 files changed, 4 insertions(+), 1 deletions(-)
Already up-to-date.
[master 8e3558a] autocommit
 2 files changed, 4 insertions(+), 1 deletions(-)
Already up-to-date.
[master a193708] autocommit
 2 files changed, 4 insertions(+), 1 deletions(-)
Already up-to-date.
[master 028dee9] autocommit
 2 files changed, 4 insertions(+), 1 deletions(-)
Already up-to-date.
[master 8f35a2a] autocommit
 2 files changed, 4 insertions(+), 1 deletions(-)
Already up-to-date.
[master 5e5320b] autocommit
 2 files changed, 4 insertions(+), 1 deletions(-)
Already up-to-date.
[master b5f04c3] autocommit
 2 files changed, 4 insertions(+), 1 deletions(-)
Updating b5f04c3..5694339
Fast-forward
 src/test/java/GoogleTranslateTest.java |    4 ++--
 1 files changed, 2 insertions(+), 2 deletions(-)
[master 98dd0c9] autocommit
 2 files changed, 7 insertions(+), 1 deletions(-)
Already up-to-date.
Already up-to-date.
[master 45d8d1b] autocommit
 2 files changed, 2 insertions(+), 1 deletions(-)
Already up-to-date.
[master 7795514] autocommit
 2 files changed, 2 insertions(+), 1 deletions(-)
M	autocommit-fork.sh
Already up-to-date.
Already up-to-date.
# On branch master
# Changed but not updated:
#   (use "git add <file>..." to update what will be committed)
#   (use "git checkout -- <file>..." to discard changes in working directory)
#
#	modified:   autocommit-fork.sh
#	modified:   autocommit.log
#	modified:   last_build
#
# Untracked files:
#   (use "git add <file>..." to include in what will be committed)
#
#	RiTranslate_autocommit_ta.sh
no changes added to commit (use "git add" and/or "git commit -a")
[master 2698a72] autocommit-ta
 3 files changed, 21 insertions(+), 5 deletions(-)
Branch master set up to track remote branch master from upstream.
Already up-to-date.
[master 82877cc] autocommit-1425622754
 2 files changed, 2 insertions(+), 1 deletions(-)
Already up-to-date.
[master 2b4c78e] autocommit-1425639603
 2 files changed, 2 insertions(+), 1 deletions(-)
Branch master set up to track remote branch master from origin.
Branch master set up to track remote branch master from upstream.
M	autocommit.log
Already up-to-date.
[master 101e997] autocommit-1425661205
 2 files changed, 7 insertions(+), 1 deletions(-)
Branch master set up to track remote branch master from origin.
Branch master set up to track remote branch master from upstream.
M	autocommit.log
Already up-to-date.
[master 522fe27] autocommit-1425682801
 2 files changed, 7 insertions(+), 1 deletions(-)
Branch master set up to track remote branch master from origin.
Branch master set up to track remote branch master from upstream.
M	autocommit.log
Already up-to-date.
[master d9acf2a] autocommit-1425704402
 2 files changed, 7 insertions(+), 1 deletions(-)
Branch master set up to track remote branch master from origin.
Branch master set up to track remote branch master from upstream.
M	autocommit.log
Already up-to-date.
[master 67733d5] autocommit-1425726001
 2 files changed, 7 insertions(+), 1 deletions(-)
Branch master set up to track remote branch master from origin.
Branch master set up to track remote branch master from upstream.
M	autocommit.log
Already up-to-date.
[master aa4a07c] autocommit-1425747601
 2 files changed, 7 insertions(+), 1 deletions(-)
Branch master set up to track remote branch master from origin.
Branch master set up to track remote branch master from upstream.
M	autocommit.log
Already up-to-date.
[master 7489de1] autocommit-1425769202
 2 files changed, 7 insertions(+), 1 deletions(-)
Branch master set up to track remote branch master from origin.
Branch master set up to track remote branch master from upstream.
M	autocommit.log
Already up-to-date.
[master 85cdf7d] autocommit-1425790801
 2 files changed, 7 insertions(+), 1 deletions(-)
Branch master set up to track remote branch master from origin.
Branch master set up to track remote branch master from upstream.
M	autocommit.log
Already up-to-date.
[master 13ac1ba] autocommit-1425808804
 2 files changed, 7 insertions(+), 1 deletions(-)
Branch master set up to track remote branch master from origin.
Branch master set up to track remote branch master from upstream.
M	autocommit.log
Already up-to-date.
[master 2a0bf75] autocommit-1425830403
 2 files changed, 7 insertions(+), 1 deletions(-)
Branch master set up to track remote branch master from origin.
Branch master set up to track remote branch master from upstream.
M	autocommit.log
Already up-to-date.
[master e4eac9a] autocommit-1425852002
 2 files changed, 7 insertions(+), 1 deletions(-)
Branch master set up to track remote branch master from origin.
Branch master set up to track remote branch master from upstream.
M	autocommit.log
Already up-to-date.
[master c3303fd] autocommit-1425873602
 2 files changed, 7 insertions(+), 1 deletions(-)
Branch master set up to track remote branch master from origin.
Branch master set up to track remote branch master from upstream.
M	autocommit.log
Already up-to-date.
[master c23a294] autocommit-1425895204
 2 files changed, 7 insertions(+), 1 deletions(-)
Branch master set up to track remote branch master from origin.
Branch master set up to track remote branch master from upstream.
M	autocommit.log
Already up-to-date.
[master 9cb3646] autocommit-1425916801
 2 files changed, 7 insertions(+), 1 deletions(-)
Branch master set up to track remote branch master from origin.
Branch master set up to track remote branch master from upstream.
M	autocommit.log
Already up-to-date.
[master 0a4be05] autocommit-1425938402
 2 files changed, 7 insertions(+), 1 deletions(-)
Branch master set up to track remote branch master from origin.
Branch master set up to track remote branch master from upstream.
M	autocommit.log
Already up-to-date.
[master f89fd64] autocommit-1425960001
 2 files changed, 7 insertions(+), 1 deletions(-)
Branch master set up to track remote branch master from origin.
Branch master set up to track remote branch master from upstream.
M	autocommit.log
Already up-to-date.
[master 281d158] autocommit-1425981601
 2 files changed, 7 insertions(+), 1 deletions(-)
Branch master set up to track remote branch master from origin.
Branch master set up to track remote branch master from upstream.
M	autocommit.log
Already up-to-date.
[master c9c360f] autocommit-1426003203
 2 files changed, 7 insertions(+), 1 deletions(-)
Branch master set up to track remote branch master from origin.
Branch master set up to track remote branch master from upstream.
M	autocommit.log
Already up-to-date.
[master 843763d] autocommit-1426024814
 2 files changed, 7 insertions(+), 1 deletions(-)
Branch master set up to track remote branch master from origin.
Branch master set up to track remote branch master from upstream.
M	autocommit.log
Already up-to-date.
[master b39dbea] autocommit-1426046401
 2 files changed, 7 insertions(+), 1 deletions(-)
Branch master set up to track remote branch master from origin.
Branch master set up to track remote branch master from upstream.
M	autocommit.log
Already up-to-date.
[master 134e8d3] autocommit-1426068004
 2 files changed, 7 insertions(+), 1 deletions(-)
Branch master set up to track remote branch master from origin.
Branch master set up to track remote branch master from upstream.
M	autocommit.log
Already up-to-date.
[master dbd35b9] autocommit-1426089604
 2 files changed, 7 insertions(+), 1 deletions(-)
Branch master set up to track remote branch master from origin.
Branch master set up to track remote branch master from upstream.
M	autocommit.log
Your branch is behind 'upstream/master' by 2 commits, and can be fast-forwarded.
Updating dbd35b9..87e97a8
Fast-forward
 src/main/java/translate/GoogleTranslate.java |  150 ++++++++++----------------
 1 files changed, 59 insertions(+), 91 deletions(-)
[master 22dfb3f] autocommit-1426111203
 2 files changed, 11 insertions(+), 1 deletions(-)
Branch master set up to track remote branch master from origin.
Branch master set up to track remote branch master from upstream.
M	autocommit.log
Already up-to-date.
[master 39400c8] autocommit-1426132801
 2 files changed, 7 insertions(+), 1 deletions(-)
Branch master set up to track remote branch master from origin.
Branch master set up to track remote branch master from upstream.
M	autocommit.log
Already up-to-date.
